<?xml version="1.0" encoding="UTF-8" ?>
<testsuite failures="0" time="0.203" errors="0" skipped="0" tests="1" name="org.myorganization.component.sayhello.SayHelloRendererTest">
  <properties>
    <property name="java.runtime.name" value="Java(TM) SE Runtime Environment"/>
    <property name="sun.boot.library.path" value="C:\Program Files\Java\jdk1.6.0\jre\bin"/>
    <property name="java.vm.version" value="1.6.0-b105"/>
    <property name="java.vm.vendor" value="Sun Microsystems Inc."/>
    <property name="java.vendor.url" value="http://java.sun.com/"/>
    <property name="path.separator" value=";"/>
    <property name="java.vm.name" value="Java HotSpot(TM) Client VM"/>
    <property name="file.encoding.pkg" value="sun.io"/>
    <property name="user.country" value="US"/>
    <property name="sun.java.launcher" value="SUN_STANDARD"/>
    <property name="sun.os.patch.level" value="Service Pack 2"/>
    <property name="java.vm.specification.name" value="Java Virtual Machine Specification"/>
    <property name="user.dir" value="C:\Packt\JSFKit\JSFComponentFolder\core"/>
    <property name="java.runtime.version" value="1.6.0-b105"/>
    <property name="java.awt.graphicsenv" value="sun.awt.Win32GraphicsEnvironment"/>
    <property name="basedir" value="C:\Packt\JSFKit\JSFComponentFolder\core"/>
    <property name="java.endorsed.dirs" value="C:\Program Files\Java\jdk1.6.0\jre\lib\endorsed"/>
    <property name="os.arch" value="x86"/>
    <property name="surefire.real.class.path" value="C:\DOCUME~1\ANGHEL~1.JAV\LOCALS~1\Temp\surefirebooter51393.jar"/>
    <property name="java.io.tmpdir" value="C:\DOCUME~1\ANGHEL~1.JAV\LOCALS~1\Temp\"/>
    <property name="line.separator" value="
"/>
    <property name="java.vm.specification.vendor" value="Sun Microsystems Inc."/>
    <property name="user.variant" value=""/>
    <property name="os.name" value="Windows XP"/>
    <property name="sun.jnu.encoding" value="Cp1252"/>
    <property name="java.library.path" value="C:\Program Files\Java\jdk1.6.0\jre\bin;.;C:\WINDOWS\Sun\Java\bin;C:\WINDOWS\system32;C:\WINDOWS;&quot;C:\bash\bash-2.03&quot;;&quot;C:\Program Files\Java\jdk1.6.0&quot;;&quot;C:\ant7\bin&quot;;&quot;C:\PHP&quot;;&quot;C:\PHP\PEAR&quot;;&quot;C:\Packt\JSFKit\apache-maven-2.2.1\bin&quot;"/>
    <property name="surefire.test.class.path" value="C:\Packt\JSFKit\JSFComponentFolder\core\target\test-classes;C:\Packt\JSFKit\JSFComponentFolder\core\target\classes;C:\Documents and Settings\Anghel Leonard.JAVAB797\.m2\repository\commons-logging\commons-logging\1.0.4\commons-logging-1.0.4.jar;C:\Documents and Settings\Anghel Leonard.JAVAB797\.m2\repository\commons-lang\commons-lang\2.1\commons-lang-2.1.jar;C:\Documents and Settings\Anghel Leonard.JAVAB797\.m2\repository\commons-validator\commons-validator\1.2.0\commons-validator-1.2.0.jar;C:\Documents and Settings\Anghel Leonard.JAVAB797\.m2\repository\commons-beanutils\commons-beanutils\1.7.0\commons-beanutils-1.7.0.jar;C:\Documents and Settings\Anghel Leonard.JAVAB797\.m2\repository\commons-digester\commons-digester\1.6\commons-digester-1.6.jar;C:\Documents and Settings\Anghel Leonard.JAVAB797\.m2\repository\commons-collections\commons-collections\3.1\commons-collections-3.1.jar;C:\Documents and Settings\Anghel Leonard.JAVAB797\.m2\repository\xml-apis\xml-apis\1.0.b2\xml-apis-1.0.b2.jar;C:\Documents and Settings\Anghel Leonard.JAVAB797\.m2\repository\oro\oro\2.0.8\oro-2.0.8.jar;C:\Documents and Settings\Anghel Leonard.JAVAB797\.m2\repository\commons-el\commons-el\1.0\commons-el-1.0.jar;C:\Documents and Settings\Anghel Leonard.JAVAB797\.m2\repository\commons-codec\commons-codec\1.3\commons-codec-1.3.jar;C:\Documents and Settings\Anghel Leonard.JAVAB797\.m2\repository\org\apache\myfaces\core\myfaces-api\1.1.5\myfaces-api-1.1.5.jar;C:\Documents and Settings\Anghel Leonard.JAVAB797\.m2\repository\javax\servlet\jstl\1.1.0\jstl-1.1.0.jar;C:\Documents and Settings\Anghel Leonard.JAVAB797\.m2\repository\javax\servlet\jsp-api\2.0\jsp-api-2.0.jar;C:\Documents and Settings\Anghel Leonard.JAVAB797\.m2\repository\javax\servlet\servlet-api\2.3\servlet-api-2.3.jar;C:\Documents and Settings\Anghel Leonard.JAVAB797\.m2\repository\junit\junit\3.8.2\junit-3.8.2.jar;C:\Documents and Settings\Anghel Leonard.JAVAB797\.m2\repository\org\apache\struts\shale\shale-test\1.0.2\shale-test-1.0.2.jar;"/>
    <property name="java.specification.name" value="Java Platform API Specification"/>
    <property name="java.class.version" value="50.0"/>
    <property name="sun.management.compiler" value="HotSpot Client Compiler"/>
    <property name="os.version" value="5.1"/>
    <property name="user.home" value="C:\Documents and Settings\Anghel Leonard.JAVAB797"/>
    <property name="user.timezone" value="America/Los_Angeles"/>
    <property name="java.awt.printerjob" value="sun.awt.windows.WPrinterJob"/>
    <property name="java.specification.version" value="1.6"/>
    <property name="file.encoding" value="Cp1252"/>
    <property name="user.name" value="Anghel Leonard"/>
    <property name="java.class.path" value="C:\Packt\JSFKit\JSFComponentFolder\core\target\test-classes;C:\Packt\JSFKit\JSFComponentFolder\core\target\classes;C:\Documents and Settings\Anghel Leonard.JAVAB797\.m2\repository\commons-logging\commons-logging\1.0.4\commons-logging-1.0.4.jar;C:\Documents and Settings\Anghel Leonard.JAVAB797\.m2\repository\commons-lang\commons-lang\2.1\commons-lang-2.1.jar;C:\Documents and Settings\Anghel Leonard.JAVAB797\.m2\repository\commons-validator\commons-validator\1.2.0\commons-validator-1.2.0.jar;C:\Documents and Settings\Anghel Leonard.JAVAB797\.m2\repository\commons-beanutils\commons-beanutils\1.7.0\commons-beanutils-1.7.0.jar;C:\Documents and Settings\Anghel Leonard.JAVAB797\.m2\repository\commons-digester\commons-digester\1.6\commons-digester-1.6.jar;C:\Documents and Settings\Anghel Leonard.JAVAB797\.m2\repository\commons-collections\commons-collections\3.1\commons-collections-3.1.jar;C:\Documents and Settings\Anghel Leonard.JAVAB797\.m2\repository\xml-apis\xml-apis\1.0.b2\xml-apis-1.0.b2.jar;C:\Documents and Settings\Anghel Leonard.JAVAB797\.m2\repository\oro\oro\2.0.8\oro-2.0.8.jar;C:\Documents and Settings\Anghel Leonard.JAVAB797\.m2\repository\commons-el\commons-el\1.0\commons-el-1.0.jar;C:\Documents and Settings\Anghel Leonard.JAVAB797\.m2\repository\commons-codec\commons-codec\1.3\commons-codec-1.3.jar;C:\Documents and Settings\Anghel Leonard.JAVAB797\.m2\repository\org\apache\myfaces\core\myfaces-api\1.1.5\myfaces-api-1.1.5.jar;C:\Documents and Settings\Anghel Leonard.JAVAB797\.m2\repository\javax\servlet\jstl\1.1.0\jstl-1.1.0.jar;C:\Documents and Settings\Anghel Leonard.JAVAB797\.m2\repository\javax\servlet\jsp-api\2.0\jsp-api-2.0.jar;C:\Documents and Settings\Anghel Leonard.JAVAB797\.m2\repository\javax\servlet\servlet-api\2.3\servlet-api-2.3.jar;C:\Documents and Settings\Anghel Leonard.JAVAB797\.m2\repository\junit\junit\3.8.2\junit-3.8.2.jar;C:\Documents and Settings\Anghel Leonard.JAVAB797\.m2\repository\org\apache\struts\shale\shale-test\1.0.2\shale-test-1.0.2.jar;"/>
    <property name="java.vm.specification.version" value="1.0"/>
    <property name="sun.arch.data.model" value="32"/>
    <property name="java.home" value="C:\Program Files\Java\jdk1.6.0\jre"/>
    <property name="java.specification.vendor" value="Sun Microsystems Inc."/>
    <property name="user.language" value="en"/>
    <property name="awt.toolkit" value="sun.awt.windows.WToolkit"/>
    <property name="java.vm.info" value="mixed mode"/>
    <property name="java.version" value="1.6.0"/>
    <property name="java.ext.dirs" value="C:\Program Files\Java\jdk1.6.0\jre\lib\ext;C:\WINDOWS\Sun\Java\lib\ext"/>
    <property name="sun.boot.class.path" value="C:\Program Files\Java\jdk1.6.0\jre\lib\resources.jar;C:\Program Files\Java\jdk1.6.0\jre\lib\rt.jar;C:\Program Files\Java\jdk1.6.0\jre\lib\sunrsasign.jar;C:\Program Files\Java\jdk1.6.0\jre\lib\jsse.jar;C:\Program Files\Java\jdk1.6.0\jre\lib\jce.jar;C:\Program Files\Java\jdk1.6.0\jre\lib\charsets.jar;C:\Program Files\Java\jdk1.6.0\jre\classes"/>
    <property name="java.vendor" value="Sun Microsystems Inc."/>
    <property name="localRepository" value="C:\Documents and Settings\Anghel Leonard.JAVAB797\.m2\repository"/>
    <property name="file.separator" value="\"/>
    <property name="java.vendor.url.bug" value="http://java.sun.com/cgi-bin/bugreport.cgi"/>
    <property name="sun.cpu.endian" value="little"/>
    <property name="sun.io.unicode.encoding" value="UnicodeLittle"/>
    <property name="sun.desktop" value="windows"/>
    <property name="sun.cpu.isalist" value=""/>
  </properties>
  <testcase time="0.14" classname="org.myorganization.component.sayhello.SayHelloRendererTest" name="testEncodeEnd"/>
</testsuite>