<?xml version="1.0" encoding="UTF-8" ?>
<testsuite failures="0" time="0.031" errors="0" skipped="0" tests="1" name="jsf.custom.component.component.JSFComponentTest">
  <properties>
    <property name="java.runtime.name" value="Java(TM) SE Runtime Environment"/>
    <property name="sun.boot.library.path" value="C:\Program Files\Java\jdk1.6.0_17\jre\bin"/>
    <property name="java.vm.version" value="14.3-b01"/>
    <property name="java.vm.vendor" value="Sun Microsystems Inc."/>
    <property name="java.vendor.url" value="http://java.sun.com/"/>
    <property name="path.separator" value=";"/>
    <property name="java.vm.name" value="Java HotSpot(TM) Client VM"/>
    <property name="file.encoding.pkg" value="sun.io"/>
    <property name="user.country" value="US"/>
    <property name="sun.java.launcher" value="SUN_STANDARD"/>
    <property name="sun.os.patch.level" value="Service Pack 3"/>
    <property name="java.vm.specification.name" value="Java Virtual Machine Specification"/>
    <property name="user.dir" value="D:\Packt\JSF\JSFComponentFolder_CDK\phoneNumberComponent"/>
    <property name="java.runtime.version" value="1.6.0_17-b04"/>
    <property name="java.awt.graphicsenv" value="sun.awt.Win32GraphicsEnvironment"/>
    <property name="basedir" value="D:\Packt\JSF\JSFComponentFolder_CDK\phoneNumberComponent"/>
    <property name="java.endorsed.dirs" value="C:\Program Files\Java\jdk1.6.0_17\jre\lib\endorsed"/>
    <property name="os.arch" value="x86"/>
    <property name="surefire.real.class.path" value="C:\DOCUME~1\ANGHEL~1\LOCALS~1\Temp\surefirebooter6823334991968248605.jar"/>
    <property name="java.io.tmpdir" value="C:\DOCUME~1\ANGHEL~1\LOCALS~1\Temp\"/>
    <property name="line.separator" value="
"/>
    <property name="java.vm.specification.vendor" value="Sun Microsystems Inc."/>
    <property name="user.variant" value=""/>
    <property name="os.name" value="Windows XP"/>
    <property name="sun.jnu.encoding" value="Cp1252"/>
    <property name="java.library.path" value="C:\Program Files\Java\jdk1.6.0_17\jre\bin;.;C:\WINDOWS\Sun\Java\bin;C:\WINDOWS\system32;C:\WINDOWS;D:\maven_2\bin\"/>
    <property name="surefire.test.class.path" value="D:\Packt\JSF\JSFComponentFolder_CDK\phoneNumberComponent\target\test-classes;D:\Packt\JSF\JSFComponentFolder_CDK\phoneNumberComponent\target\classes;C:\Documents and Settings\AnghelLeonard\.m2\repository\junit\junit\3.8.1\junit-3.8.1.jar;C:\Documents and Settings\AnghelLeonard\.m2\repository\org\richfaces\framework\richfaces-impl\3.3.3.BETA1\richfaces-impl-3.3.3.BETA1.jar;C:\Documents and Settings\AnghelLeonard\.m2\repository\commons-digester\commons-digester\1.8.1\commons-digester-1.8.1.jar;C:\Documents and Settings\AnghelLeonard\.m2\repository\commons-beanutils\commons-beanutils\1.7.0\commons-beanutils-1.7.0.jar;C:\Documents and Settings\AnghelLeonard\.m2\repository\org\richfaces\framework\richfaces-api\3.3.3.BETA1\richfaces-api-3.3.3.BETA1.jar;C:\Documents and Settings\AnghelLeonard\.m2\repository\commons-collections\commons-collections\3.2\commons-collections-3.2.jar;C:\Documents and Settings\AnghelLeonard\.m2\repository\commons-logging\commons-logging\1.0.4\commons-logging-1.0.4.jar;C:\Documents and Settings\AnghelLeonard\.m2\repository\javax\servlet\servlet-api\2.4\servlet-api-2.4.jar;C:\Documents and Settings\AnghelLeonard\.m2\repository\javax\servlet\jsp-api\2.0\jsp-api-2.0.jar;C:\Documents and Settings\AnghelLeonard\.m2\repository\javax\servlet\jsp\jsp-api\2.1\jsp-api-2.1.jar;C:\Documents and Settings\AnghelLeonard\.m2\repository\javax\faces\jsf-api\2.0.0-RC\jsf-api-2.0.0-RC.jar;C:\Documents and Settings\AnghelLeonard\.m2\repository\javax\faces\jsf-impl\2.0.0-RC\jsf-impl-2.0.0-RC.jar;C:\Documents and Settings\AnghelLeonard\.m2\repository\javax\el\el-api\1.0\el-api-1.0.jar;C:\Documents and Settings\AnghelLeonard\.m2\repository\el-impl\el-impl\1.0\el-impl-1.0.jar;C:\Documents and Settings\AnghelLeonard\.m2\repository\javax\annotation\jsr250-api\1.0\jsr250-api-1.0.jar;C:\Documents and Settings\AnghelLeonard\.m2\repository\org\richfaces\ui\richfaces-ui\3.3.3.BETA1\richfaces-ui-3.3.3.BETA1.jar;"/>
    <property name="java.specification.name" value="Java Platform API Specification"/>
    <property name="java.class.version" value="50.0"/>
    <property name="sun.management.compiler" value="HotSpot Client Compiler"/>
    <property name="os.version" value="5.1"/>
    <property name="user.home" value="C:\Documents and Settings\AnghelLeonard"/>
    <property name="user.timezone" value=""/>
    <property name="java.awt.printerjob" value="sun.awt.windows.WPrinterJob"/>
    <property name="java.specification.version" value="1.6"/>
    <property name="file.encoding" value="Cp1252"/>
    <property name="user.name" value="AnghelLeonard"/>
    <property name="java.class.path" value="D:\Packt\JSF\JSFComponentFolder_CDK\phoneNumberComponent\target\test-classes;D:\Packt\JSF\JSFComponentFolder_CDK\phoneNumberComponent\target\classes;C:\Documents and Settings\AnghelLeonard\.m2\repository\junit\junit\3.8.1\junit-3.8.1.jar;C:\Documents and Settings\AnghelLeonard\.m2\repository\org\richfaces\framework\richfaces-impl\3.3.3.BETA1\richfaces-impl-3.3.3.BETA1.jar;C:\Documents and Settings\AnghelLeonard\.m2\repository\commons-digester\commons-digester\1.8.1\commons-digester-1.8.1.jar;C:\Documents and Settings\AnghelLeonard\.m2\repository\commons-beanutils\commons-beanutils\1.7.0\commons-beanutils-1.7.0.jar;C:\Documents and Settings\AnghelLeonard\.m2\repository\org\richfaces\framework\richfaces-api\3.3.3.BETA1\richfaces-api-3.3.3.BETA1.jar;C:\Documents and Settings\AnghelLeonard\.m2\repository\commons-collections\commons-collections\3.2\commons-collections-3.2.jar;C:\Documents and Settings\AnghelLeonard\.m2\repository\commons-logging\commons-logging\1.0.4\commons-logging-1.0.4.jar;C:\Documents and Settings\AnghelLeonard\.m2\repository\javax\servlet\servlet-api\2.4\servlet-api-2.4.jar;C:\Documents and Settings\AnghelLeonard\.m2\repository\javax\servlet\jsp-api\2.0\jsp-api-2.0.jar;C:\Documents and Settings\AnghelLeonard\.m2\repository\javax\servlet\jsp\jsp-api\2.1\jsp-api-2.1.jar;C:\Documents and Settings\AnghelLeonard\.m2\repository\javax\faces\jsf-api\2.0.0-RC\jsf-api-2.0.0-RC.jar;C:\Documents and Settings\AnghelLeonard\.m2\repository\javax\faces\jsf-impl\2.0.0-RC\jsf-impl-2.0.0-RC.jar;C:\Documents and Settings\AnghelLeonard\.m2\repository\javax\el\el-api\1.0\el-api-1.0.jar;C:\Documents and Settings\AnghelLeonard\.m2\repository\el-impl\el-impl\1.0\el-impl-1.0.jar;C:\Documents and Settings\AnghelLeonard\.m2\repository\javax\annotation\jsr250-api\1.0\jsr250-api-1.0.jar;C:\Documents and Settings\AnghelLeonard\.m2\repository\org\richfaces\ui\richfaces-ui\3.3.3.BETA1\richfaces-ui-3.3.3.BETA1.jar;"/>
    <property name="java.vm.specification.version" value="1.0"/>
    <property name="sun.arch.data.model" value="32"/>
    <property name="java.home" value="C:\Program Files\Java\jdk1.6.0_17\jre"/>
    <property name="java.specification.vendor" value="Sun Microsystems Inc."/>
    <property name="user.language" value="en"/>
    <property name="awt.toolkit" value="sun.awt.windows.WToolkit"/>
    <property name="java.vm.info" value="mixed mode, sharing"/>
    <property name="java.version" value="1.6.0_17"/>
    <property name="java.ext.dirs" value="C:\Program Files\Java\jdk1.6.0_17\jre\lib\ext;C:\WINDOWS\Sun\Java\lib\ext"/>
    <property name="sun.boot.class.path" value="C:\Program Files\Java\jdk1.6.0_17\jre\lib\resources.jar;C:\Program Files\Java\jdk1.6.0_17\jre\lib\rt.jar;C:\Program Files\Java\jdk1.6.0_17\jre\lib\sunrsasign.jar;C:\Program Files\Java\jdk1.6.0_17\jre\lib\jsse.jar;C:\Program Files\Java\jdk1.6.0_17\jre\lib\jce.jar;C:\Program Files\Java\jdk1.6.0_17\jre\lib\charsets.jar;C:\Program Files\Java\jdk1.6.0_17\jre\classes"/>
    <property name="java.vendor" value="Sun Microsystems Inc."/>
    <property name="localRepository" value="C:\Documents and Settings\AnghelLeonard\.m2\repository"/>
    <property name="file.separator" value="\"/>
    <property name="java.vendor.url.bug" value="http://java.sun.com/cgi-bin/bugreport.cgi"/>
    <property name="sun.cpu.endian" value="little"/>
    <property name="sun.io.unicode.encoding" value="UnicodeLittle"/>
    <property name="sun.desktop" value="windows"/>
    <property name="sun.cpu.isalist" value=""/>
  </properties>
  <testcase time="0" classname="jsf.custom.component.component.JSFComponentTest" name="testComponent"/>
</testsuite>